CRITICAL - 2024-02-22 22:32:38 --> Error: Undefined constant "CodeIgniter\Database\MySQLi\MYSQLI_STORE_RESULT"
in SYSTEMPATH\Database\Database.php on line 137.
 1 SYSTEMPATH\Database\Database.php(55): CodeIgniter\Database\Database->initDriver()
 2 SYSTEMPATH\Database\Config.php(82): CodeIgniter\Database\Database->load()
 3 SYSTEMPATH\Model.php(153): CodeIgniter\Database\Config::connect()
 4 SYSTEMPATH\Config\Factories.php(218): CodeIgniter\Model->__construct()
 5 SYSTEMPATH\Config\Factories.php(168): CodeIgniter\Config\Factories::createInstance()
 6 SYSTEMPATH\Common.php(813): CodeIgniter\Config\Factories::__callStatic()
 7 VENDORPATH\myth\auth\src\Config\Services.php(27): model()
 8 SYSTEMPATH\Config\BaseService.php(258): Myth\Auth\Config\Services::authentication()
 9 SYSTEMPATH\Config\BaseService.php(199): CodeIgniter\Config\BaseService::__callStatic()
10 VENDORPATH\myth\auth\src\Config\Services.php(24): CodeIgniter\Config\BaseService::getSharedInstance()
11 SYSTEMPATH\Config\BaseService.php(258): Myth\Auth\Config\Services::authentication()
12 SYSTEMPATH\Common.php(1008): CodeIgniter\Config\BaseService::__callStatic()
13 VENDORPATH\myth\auth\src\Filters\BaseFilter.php(42): service()
14 SYSTEMPATH\Filters\Filters.php(175): Myth\Auth\Filters\BaseFilter->__construct()
15 SYSTEMPATH\CodeIgniter.php(474): CodeIgniter\Filters\Filters->run()
16 SYSTEMPATH\CodeIgniter.php(361): CodeIgniter\CodeIgniter->handleRequest()
17 FCPATH\index.php(79): CodeIgniter\CodeIgniter->run()
18 SYSTEMPATH\Commands\Server\rewrite.php(47): require_once('D:\\project\\crm\\public\\index.php')
CRITICAL - 2024-02-22 22:33:20 --> Error: Undefined constant "CodeIgniter\Database\MySQLi\MYSQLI_STORE_RESULT"
in SYSTEMPATH\Database\Database.php on line 137.
 1 SYSTEMPATH\Database\Database.php(55): CodeIgniter\Database\Database->initDriver()
 2 SYSTEMPATH\Database\Config.php(82): CodeIgniter\Database\Database->load()
 3 SYSTEMPATH\Model.php(153): CodeIgniter\Database\Config::connect()
 4 SYSTEMPATH\Config\Factories.php(218): CodeIgniter\Model->__construct()
 5 SYSTEMPATH\Config\Factories.php(168): CodeIgniter\Config\Factories::createInstance()
 6 SYSTEMPATH\Common.php(813): CodeIgniter\Config\Factories::__callStatic()
 7 VENDORPATH\myth\auth\src\Config\Services.php(27): model()
 8 SYSTEMPATH\Config\BaseService.php(258): Myth\Auth\Config\Services::authentication()
 9 SYSTEMPATH\Config\BaseService.php(199): CodeIgniter\Config\BaseService::__callStatic()
10 VENDORPATH\myth\auth\src\Config\Services.php(24): CodeIgniter\Config\BaseService::getSharedInstance()
11 SYSTEMPATH\Config\BaseService.php(258): Myth\Auth\Config\Services::authentication()
12 SYSTEMPATH\Common.php(1008): CodeIgniter\Config\BaseService::__callStatic()
13 VENDORPATH\myth\auth\src\Filters\BaseFilter.php(42): service()
14 SYSTEMPATH\Filters\Filters.php(175): Myth\Auth\Filters\BaseFilter->__construct()
15 SYSTEMPATH\CodeIgniter.php(474): CodeIgniter\Filters\Filters->run()
16 SYSTEMPATH\CodeIgniter.php(361): CodeIgniter\CodeIgniter->handleRequest()
17 FCPATH\index.php(79): CodeIgniter\CodeIgniter->run()
18 SYSTEMPATH\Commands\Server\rewrite.php(47): require_once('D:\\project\\crm\\public\\index.php')
CRITICAL - 2024-02-22 22:33:38 --> Error: Undefined constant "CodeIgniter\Database\MySQLi\MYSQLI_STORE_RESULT"
in SYSTEMPATH\Database\Database.php on line 137.
 1 SYSTEMPATH\Database\Database.php(55): CodeIgniter\Database\Database->initDriver()
 2 SYSTEMPATH\Database\Config.php(82): CodeIgniter\Database\Database->load()
 3 SYSTEMPATH\Model.php(153): CodeIgniter\Database\Config::connect()
 4 SYSTEMPATH\Config\Factories.php(218): CodeIgniter\Model->__construct()
 5 SYSTEMPATH\Config\Factories.php(168): CodeIgniter\Config\Factories::createInstance()
 6 SYSTEMPATH\Common.php(813): CodeIgniter\Config\Factories::__callStatic()
 7 VENDORPATH\myth\auth\src\Config\Services.php(27): model()
 8 SYSTEMPATH\Config\BaseService.php(258): Myth\Auth\Config\Services::authentication()
 9 SYSTEMPATH\Config\BaseService.php(199): CodeIgniter\Config\BaseService::__callStatic()
10 VENDORPATH\myth\auth\src\Config\Services.php(24): CodeIgniter\Config\BaseService::getSharedInstance()
11 SYSTEMPATH\Config\BaseService.php(258): Myth\Auth\Config\Services::authentication()
12 SYSTEMPATH\Common.php(1008): CodeIgniter\Config\BaseService::__callStatic()
13 VENDORPATH\myth\auth\src\Filters\BaseFilter.php(42): service()
14 SYSTEMPATH\Filters\Filters.php(175): Myth\Auth\Filters\BaseFilter->__construct()
15 SYSTEMPATH\CodeIgniter.php(474): CodeIgniter\Filters\Filters->run()
16 SYSTEMPATH\CodeIgniter.php(361): CodeIgniter\CodeIgniter->handleRequest()
17 FCPATH\index.php(79): CodeIgniter\CodeIgniter->run()
18 SYSTEMPATH\Commands\Server\rewrite.php(47): require_once('D:\\project\\crm\\public\\index.php')
CRITICAL - 2024-02-22 22:33:51 --> Error: Undefined constant "CodeIgniter\Database\MySQLi\MYSQLI_STORE_RESULT"
in SYSTEMPATH\Database\Database.php on line 137.
 1 SYSTEMPATH\Database\Database.php(55): CodeIgniter\Database\Database->initDriver()
 2 SYSTEMPATH\Database\Config.php(82): CodeIgniter\Database\Database->load()
 3 SYSTEMPATH\Model.php(153): CodeIgniter\Database\Config::connect()
 4 SYSTEMPATH\Config\Factories.php(218): CodeIgniter\Model->__construct()
 5 SYSTEMPATH\Config\Factories.php(168): CodeIgniter\Config\Factories::createInstance()
 6 SYSTEMPATH\Common.php(813): CodeIgniter\Config\Factories::__callStatic()
 7 VENDORPATH\myth\auth\src\Config\Services.php(27): model()
 8 SYSTEMPATH\Config\BaseService.php(258): Myth\Auth\Config\Services::authentication()
 9 SYSTEMPATH\Config\BaseService.php(199): CodeIgniter\Config\BaseService::__callStatic()
10 VENDORPATH\myth\auth\src\Config\Services.php(24): CodeIgniter\Config\BaseService::getSharedInstance()
11 SYSTEMPATH\Config\BaseService.php(258): Myth\Auth\Config\Services::authentication()
12 SYSTEMPATH\Common.php(1008): CodeIgniter\Config\BaseService::__callStatic()
13 VENDORPATH\myth\auth\src\Filters\BaseFilter.php(42): service()
14 SYSTEMPATH\Filters\Filters.php(175): Myth\Auth\Filters\BaseFilter->__construct()
15 SYSTEMPATH\CodeIgniter.php(474): CodeIgniter\Filters\Filters->run()
16 SYSTEMPATH\CodeIgniter.php(361): CodeIgniter\CodeIgniter->handleRequest()
17 FCPATH\index.php(79): CodeIgniter\CodeIgniter->run()
18 SYSTEMPATH\Commands\Server\rewrite.php(47): require_once('D:\\project\\crm\\public\\index.php')
CRITICAL - 2024-02-22 22:34:11 --> Error: Undefined constant "CodeIgniter\Database\MySQLi\MYSQLI_STORE_RESULT"
in SYSTEMPATH\Database\Database.php on line 137.
 1 SYSTEMPATH\Database\Database.php(55): CodeIgniter\Database\Database->initDriver()
 2 SYSTEMPATH\Database\Config.php(82): CodeIgniter\Database\Database->load()
 3 SYSTEMPATH\Model.php(153): CodeIgniter\Database\Config::connect()
 4 SYSTEMPATH\Config\Factories.php(218): CodeIgniter\Model->__construct()
 5 SYSTEMPATH\Config\Factories.php(168): CodeIgniter\Config\Factories::createInstance()
 6 SYSTEMPATH\Common.php(813): CodeIgniter\Config\Factories::__callStatic()
 7 VENDORPATH\myth\auth\src\Config\Services.php(27): model()
 8 SYSTEMPATH\Config\BaseService.php(258): Myth\Auth\Config\Services::authentication()
 9 SYSTEMPATH\Config\BaseService.php(199): CodeIgniter\Config\BaseService::__callStatic()
10 VENDORPATH\myth\auth\src\Config\Services.php(24): CodeIgniter\Config\BaseService::getSharedInstance()
11 SYSTEMPATH\Config\BaseService.php(258): Myth\Auth\Config\Services::authentication()
12 SYSTEMPATH\Common.php(1008): CodeIgniter\Config\BaseService::__callStatic()
13 VENDORPATH\myth\auth\src\Filters\BaseFilter.php(42): service()
14 SYSTEMPATH\Filters\Filters.php(175): Myth\Auth\Filters\BaseFilter->__construct()
15 SYSTEMPATH\CodeIgniter.php(474): CodeIgniter\Filters\Filters->run()
16 SYSTEMPATH\CodeIgniter.php(361): CodeIgniter\CodeIgniter->handleRequest()
17 FCPATH\index.php(79): CodeIgniter\CodeIgniter->run()
18 SYSTEMPATH\Commands\Server\rewrite.php(47): require_once('D:\\project\\crm\\public\\index.php')
CRITICAL - 2024-02-22 22:34:14 --> Error: Undefined constant "CodeIgniter\Database\MySQLi\MYSQLI_STORE_RESULT"
in SYSTEMPATH\Database\Database.php on line 137.
 1 SYSTEMPATH\Database\Database.php(55): CodeIgniter\Database\Database->initDriver()
 2 SYSTEMPATH\Database\Config.php(82): CodeIgniter\Database\Database->load()
 3 SYSTEMPATH\Model.php(153): CodeIgniter\Database\Config::connect()
 4 SYSTEMPATH\Config\Factories.php(218): CodeIgniter\Model->__construct()
 5 SYSTEMPATH\Config\Factories.php(168): CodeIgniter\Config\Factories::createInstance()
 6 SYSTEMPATH\Common.php(813): CodeIgniter\Config\Factories::__callStatic()
 7 VENDORPATH\myth\auth\src\Config\Services.php(27): model()
 8 SYSTEMPATH\Config\BaseService.php(258): Myth\Auth\Config\Services::authentication()
 9 SYSTEMPATH\Config\BaseService.php(199): CodeIgniter\Config\BaseService::__callStatic()
10 VENDORPATH\myth\auth\src\Config\Services.php(24): CodeIgniter\Config\BaseService::getSharedInstance()
11 SYSTEMPATH\Config\BaseService.php(258): Myth\Auth\Config\Services::authentication()
12 SYSTEMPATH\Common.php(1008): CodeIgniter\Config\BaseService::__callStatic()
13 VENDORPATH\myth\auth\src\Filters\BaseFilter.php(42): service()
14 SYSTEMPATH\Filters\Filters.php(175): Myth\Auth\Filters\BaseFilter->__construct()
15 SYSTEMPATH\CodeIgniter.php(474): CodeIgniter\Filters\Filters->run()
16 SYSTEMPATH\CodeIgniter.php(361): CodeIgniter\CodeIgniter->handleRequest()
17 FCPATH\index.php(79): CodeIgniter\CodeIgniter->run()
18 SYSTEMPATH\Commands\Server\rewrite.php(47): require_once('D:\\project\\crm\\public\\index.php')
CRITICAL - 2024-02-22 22:35:52 --> Error: Undefined constant "CodeIgniter\Database\MySQLi\MYSQLI_STORE_RESULT"
in SYSTEMPATH\Database\Database.php on line 137.
 1 SYSTEMPATH\Database\Database.php(55): CodeIgniter\Database\Database->initDriver()
 2 SYSTEMPATH\Database\Config.php(82): CodeIgniter\Database\Database->load()
 3 SYSTEMPATH\Model.php(153): CodeIgniter\Database\Config::connect()
 4 SYSTEMPATH\Config\Factories.php(218): CodeIgniter\Model->__construct()
 5 SYSTEMPATH\Config\Factories.php(168): CodeIgniter\Config\Factories::createInstance()
 6 SYSTEMPATH\Common.php(813): CodeIgniter\Config\Factories::__callStatic()
 7 VENDORPATH\myth\auth\src\Config\Services.php(27): model()
 8 SYSTEMPATH\Config\BaseService.php(258): Myth\Auth\Config\Services::authentication()
 9 SYSTEMPATH\Config\BaseService.php(199): CodeIgniter\Config\BaseService::__callStatic()
10 VENDORPATH\myth\auth\src\Config\Services.php(24): CodeIgniter\Config\BaseService::getSharedInstance()
11 SYSTEMPATH\Config\BaseService.php(258): Myth\Auth\Config\Services::authentication()
12 SYSTEMPATH\Common.php(1008): CodeIgniter\Config\BaseService::__callStatic()
13 VENDORPATH\myth\auth\src\Filters\BaseFilter.php(42): service()
14 SYSTEMPATH\Filters\Filters.php(175): Myth\Auth\Filters\BaseFilter->__construct()
15 SYSTEMPATH\CodeIgniter.php(474): CodeIgniter\Filters\Filters->run()
16 SYSTEMPATH\CodeIgniter.php(361): CodeIgniter\CodeIgniter->handleRequest()
17 FCPATH\index.php(79): CodeIgniter\CodeIgniter->run()
18 SYSTEMPATH\Commands\Server\rewrite.php(47): require_once('D:\\project\\crm\\public\\index.php')
CRITICAL - 2024-02-22 22:35:54 --> Error: Undefined constant "CodeIgniter\Database\MySQLi\MYSQLI_STORE_RESULT"
in SYSTEMPATH\Database\Database.php on line 137.
 1 SYSTEMPATH\Database\Database.php(55): CodeIgniter\Database\Database->initDriver()
 2 SYSTEMPATH\Database\Config.php(82): CodeIgniter\Database\Database->load()
 3 SYSTEMPATH\Model.php(153): CodeIgniter\Database\Config::connect()
 4 SYSTEMPATH\Config\Factories.php(218): CodeIgniter\Model->__construct()
 5 SYSTEMPATH\Config\Factories.php(168): CodeIgniter\Config\Factories::createInstance()
 6 SYSTEMPATH\Common.php(813): CodeIgniter\Config\Factories::__callStatic()
 7 VENDORPATH\myth\auth\src\Config\Services.php(27): model()
 8 SYSTEMPATH\Config\BaseService.php(258): Myth\Auth\Config\Services::authentication()
 9 SYSTEMPATH\Config\BaseService.php(199): CodeIgniter\Config\BaseService::__callStatic()
10 VENDORPATH\myth\auth\src\Config\Services.php(24): CodeIgniter\Config\BaseService::getSharedInstance()
11 SYSTEMPATH\Config\BaseService.php(258): Myth\Auth\Config\Services::authentication()
12 SYSTEMPATH\Common.php(1008): CodeIgniter\Config\BaseService::__callStatic()
13 VENDORPATH\myth\auth\src\Filters\BaseFilter.php(42): service()
14 SYSTEMPATH\Filters\Filters.php(175): Myth\Auth\Filters\BaseFilter->__construct()
15 SYSTEMPATH\CodeIgniter.php(474): CodeIgniter\Filters\Filters->run()
16 SYSTEMPATH\CodeIgniter.php(361): CodeIgniter\CodeIgniter->handleRequest()
17 FCPATH\index.php(79): CodeIgniter\CodeIgniter->run()
18 SYSTEMPATH\Commands\Server\rewrite.php(47): require_once('D:\\project\\crm\\public\\index.php')
CRITICAL - 2024-02-22 22:36:08 --> Error: Undefined constant "CodeIgniter\Database\MySQLi\MYSQLI_STORE_RESULT"
in SYSTEMPATH\Database\Database.php on line 137.
 1 SYSTEMPATH\Database\Database.php(55): CodeIgniter\Database\Database->initDriver()
 2 SYSTEMPATH\Database\Config.php(82): CodeIgniter\Database\Database->load()
 3 SYSTEMPATH\Model.php(153): CodeIgniter\Database\Config::connect()
 4 SYSTEMPATH\Config\Factories.php(218): CodeIgniter\Model->__construct()
 5 SYSTEMPATH\Config\Factories.php(168): CodeIgniter\Config\Factories::createInstance()
 6 SYSTEMPATH\Common.php(813): CodeIgniter\Config\Factories::__callStatic()
 7 VENDORPATH\myth\auth\src\Config\Services.php(27): model()
 8 SYSTEMPATH\Config\BaseService.php(258): Myth\Auth\Config\Services::authentication()
 9 SYSTEMPATH\Config\BaseService.php(199): CodeIgniter\Config\BaseService::__callStatic()
10 VENDORPATH\myth\auth\src\Config\Services.php(24): CodeIgniter\Config\BaseService::getSharedInstance()
11 SYSTEMPATH\Config\BaseService.php(258): Myth\Auth\Config\Services::authentication()
12 SYSTEMPATH\Common.php(1008): CodeIgniter\Config\BaseService::__callStatic()
13 VENDORPATH\myth\auth\src\Filters\BaseFilter.php(42): service()
14 SYSTEMPATH\Filters\Filters.php(175): Myth\Auth\Filters\BaseFilter->__construct()
15 SYSTEMPATH\CodeIgniter.php(474): CodeIgniter\Filters\Filters->run()
16 SYSTEMPATH\CodeIgniter.php(361): CodeIgniter\CodeIgniter->handleRequest()
17 FCPATH\index.php(79): CodeIgniter\CodeIgniter->run()
18 SYSTEMPATH\Commands\Server\rewrite.php(47): require_once('D:\\project\\crm\\public\\index.php')
CRITICAL - 2024-02-22 22:36:08 --> Error: Undefined constant "CodeIgniter\Database\MySQLi\MYSQLI_STORE_RESULT"
in SYSTEMPATH\Database\Database.php on line 137.
 1 SYSTEMPATH\Database\Database.php(55): CodeIgniter\Database\Database->initDriver()
 2 SYSTEMPATH\Database\Config.php(82): CodeIgniter\Database\Database->load()
 3 SYSTEMPATH\Model.php(153): CodeIgniter\Database\Config::connect()
 4 SYSTEMPATH\Config\Factories.php(218): CodeIgniter\Model->__construct()
 5 SYSTEMPATH\Config\Factories.php(168): CodeIgniter\Config\Factories::createInstance()
 6 SYSTEMPATH\Common.php(813): CodeIgniter\Config\Factories::__callStatic()
 7 VENDORPATH\myth\auth\src\Config\Services.php(27): model()
 8 SYSTEMPATH\Config\BaseService.php(258): Myth\Auth\Config\Services::authentication()
 9 SYSTEMPATH\Config\BaseService.php(199): CodeIgniter\Config\BaseService::__callStatic()
10 VENDORPATH\myth\auth\src\Config\Services.php(24): CodeIgniter\Config\BaseService::getSharedInstance()
11 SYSTEMPATH\Config\BaseService.php(258): Myth\Auth\Config\Services::authentication()
12 SYSTEMPATH\Common.php(1008): CodeIgniter\Config\BaseService::__callStatic()
13 VENDORPATH\myth\auth\src\Filters\BaseFilter.php(42): service()
14 SYSTEMPATH\Filters\Filters.php(175): Myth\Auth\Filters\BaseFilter->__construct()
15 SYSTEMPATH\CodeIgniter.php(474): CodeIgniter\Filters\Filters->run()
16 SYSTEMPATH\CodeIgniter.php(361): CodeIgniter\CodeIgniter->handleRequest()
17 FCPATH\index.php(79): CodeIgniter\CodeIgniter->run()
18 SYSTEMPATH\Commands\Server\rewrite.php(47): require_once('D:\\project\\crm\\public\\index.php')
CRITICAL - 2024-02-22 22:36:40 --> Error: Undefined constant "CodeIgniter\Database\MySQLi\MYSQLI_STORE_RESULT"
in SYSTEMPATH\Database\Database.php on line 137.
 1 SYSTEMPATH\Database\Database.php(55): CodeIgniter\Database\Database->initDriver()
 2 SYSTEMPATH\Database\Config.php(82): CodeIgniter\Database\Database->load()
 3 SYSTEMPATH\Model.php(153): CodeIgniter\Database\Config::connect()
 4 SYSTEMPATH\Config\Factories.php(218): CodeIgniter\Model->__construct()
 5 SYSTEMPATH\Config\Factories.php(168): CodeIgniter\Config\Factories::createInstance()
 6 SYSTEMPATH\Common.php(813): CodeIgniter\Config\Factories::__callStatic()
 7 VENDORPATH\myth\auth\src\Config\Services.php(27): model()
 8 SYSTEMPATH\Config\BaseService.php(258): Myth\Auth\Config\Services::authentication()
 9 SYSTEMPATH\Config\BaseService.php(199): CodeIgniter\Config\BaseService::__callStatic()
10 VENDORPATH\myth\auth\src\Config\Services.php(24): CodeIgniter\Config\BaseService::getSharedInstance()
11 SYSTEMPATH\Config\BaseService.php(258): Myth\Auth\Config\Services::authentication()
12 SYSTEMPATH\Common.php(1008): CodeIgniter\Config\BaseService::__callStatic()
13 VENDORPATH\myth\auth\src\Filters\BaseFilter.php(42): service()
14 SYSTEMPATH\Filters\Filters.php(175): Myth\Auth\Filters\BaseFilter->__construct()
15 SYSTEMPATH\CodeIgniter.php(474): CodeIgniter\Filters\Filters->run()
16 SYSTEMPATH\CodeIgniter.php(361): CodeIgniter\CodeIgniter->handleRequest()
17 FCPATH\index.php(79): CodeIgniter\CodeIgniter->run()
18 SYSTEMPATH\Commands\Server\rewrite.php(47): require_once('D:\\project\\crm\\public\\index.php')
CRITICAL - 2024-02-22 22:38:16 --> Error: Undefined constant "CodeIgniter\Database\MySQLi\MYSQLI_STORE_RESULT"
in SYSTEMPATH\Database\Database.php on line 137.
 1 SYSTEMPATH\Database\Database.php(55): CodeIgniter\Database\Database->initDriver()
 2 SYSTEMPATH\Database\Config.php(82): CodeIgniter\Database\Database->load()
 3 SYSTEMPATH\Model.php(153): CodeIgniter\Database\Config::connect()
 4 SYSTEMPATH\Config\Factories.php(218): CodeIgniter\Model->__construct()
 5 SYSTEMPATH\Config\Factories.php(168): CodeIgniter\Config\Factories::createInstance()
 6 SYSTEMPATH\Common.php(813): CodeIgniter\Config\Factories::__callStatic()
 7 VENDORPATH\myth\auth\src\Config\Services.php(27): model()
 8 SYSTEMPATH\Config\BaseService.php(258): Myth\Auth\Config\Services::authentication()
 9 SYSTEMPATH\Config\BaseService.php(199): CodeIgniter\Config\BaseService::__callStatic()
10 VENDORPATH\myth\auth\src\Config\Services.php(24): CodeIgniter\Config\BaseService::getSharedInstance()
11 SYSTEMPATH\Config\BaseService.php(258): Myth\Auth\Config\Services::authentication()
12 SYSTEMPATH\Common.php(1008): CodeIgniter\Config\BaseService::__callStatic()
13 VENDORPATH\myth\auth\src\Filters\BaseFilter.php(42): service()
14 SYSTEMPATH\Filters\Filters.php(175): Myth\Auth\Filters\BaseFilter->__construct()
15 SYSTEMPATH\CodeIgniter.php(474): CodeIgniter\Filters\Filters->run()
16 SYSTEMPATH\CodeIgniter.php(361): CodeIgniter\CodeIgniter->handleRequest()
17 FCPATH\index.php(79): CodeIgniter\CodeIgniter->run()
18 SYSTEMPATH\Commands\Server\rewrite.php(47): require_once('D:\\project\\crm\\public\\index.php')
CRITICAL - 2024-02-22 22:39:14 --> Error: Undefined constant "CodeIgniter\Database\MySQLi\MYSQLI_STORE_RESULT"
in SYSTEMPATH\Database\Database.php on line 137.
 1 SYSTEMPATH\Database\Database.php(55): CodeIgniter\Database\Database->initDriver()
 2 SYSTEMPATH\Database\Config.php(82): CodeIgniter\Database\Database->load()
 3 SYSTEMPATH\Model.php(153): CodeIgniter\Database\Config::connect()
 4 SYSTEMPATH\Config\Factories.php(218): CodeIgniter\Model->__construct()
 5 SYSTEMPATH\Config\Factories.php(168): CodeIgniter\Config\Factories::createInstance()
 6 SYSTEMPATH\Common.php(813): CodeIgniter\Config\Factories::__callStatic()
 7 VENDORPATH\myth\auth\src\Config\Services.php(27): model()
 8 SYSTEMPATH\Config\BaseService.php(258): Myth\Auth\Config\Services::authentication()
 9 SYSTEMPATH\Config\BaseService.php(199): CodeIgniter\Config\BaseService::__callStatic()
10 VENDORPATH\myth\auth\src\Config\Services.php(24): CodeIgniter\Config\BaseService::getSharedInstance()
11 SYSTEMPATH\Config\BaseService.php(258): Myth\Auth\Config\Services::authentication()
12 SYSTEMPATH\Common.php(1008): CodeIgniter\Config\BaseService::__callStatic()
13 VENDORPATH\myth\auth\src\Filters\BaseFilter.php(42): service()
14 SYSTEMPATH\Filters\Filters.php(175): Myth\Auth\Filters\BaseFilter->__construct()
15 SYSTEMPATH\CodeIgniter.php(474): CodeIgniter\Filters\Filters->run()
16 SYSTEMPATH\CodeIgniter.php(361): CodeIgniter\CodeIgniter->handleRequest()
17 FCPATH\index.php(79): CodeIgniter\CodeIgniter->run()
18 SYSTEMPATH\Commands\Server\rewrite.php(47): require_once('D:\\project\\crm\\public\\index.php')
CRITICAL - 2024-02-22 22:41:04 --> Error: Undefined constant "CodeIgniter\Database\MySQLi\MYSQLI_STORE_RESULT"
in SYSTEMPATH\Database\Database.php on line 137.
 1 SYSTEMPATH\Database\Database.php(55): CodeIgniter\Database\Database->initDriver()
 2 SYSTEMPATH\Database\Config.php(82): CodeIgniter\Database\Database->load()
 3 SYSTEMPATH\Model.php(153): CodeIgniter\Database\Config::connect()
 4 SYSTEMPATH\Config\Factories.php(218): CodeIgniter\Model->__construct()
 5 SYSTEMPATH\Config\Factories.php(168): CodeIgniter\Config\Factories::createInstance()
 6 SYSTEMPATH\Common.php(813): CodeIgniter\Config\Factories::__callStatic()
 7 VENDORPATH\myth\auth\src\Config\Services.php(27): model()
 8 SYSTEMPATH\Config\BaseService.php(258): Myth\Auth\Config\Services::authentication()
 9 SYSTEMPATH\Config\BaseService.php(199): CodeIgniter\Config\BaseService::__callStatic()
10 VENDORPATH\myth\auth\src\Config\Services.php(24): CodeIgniter\Config\BaseService::getSharedInstance()
11 SYSTEMPATH\Config\BaseService.php(258): Myth\Auth\Config\Services::authentication()
12 SYSTEMPATH\Common.php(1008): CodeIgniter\Config\BaseService::__callStatic()
13 VENDORPATH\myth\auth\src\Filters\BaseFilter.php(42): service()
14 SYSTEMPATH\Filters\Filters.php(175): Myth\Auth\Filters\BaseFilter->__construct()
15 SYSTEMPATH\CodeIgniter.php(474): CodeIgniter\Filters\Filters->run()
16 SYSTEMPATH\CodeIgniter.php(361): CodeIgniter\CodeIgniter->handleRequest()
17 FCPATH\index.php(79): CodeIgniter\CodeIgniter->run()
18 SYSTEMPATH\Commands\Server\rewrite.php(47): require_once('D:\\project\\crm\\public\\index.php')
CRITICAL - 2024-02-22 22:41:47 --> Error: Undefined constant "CodeIgniter\Database\MySQLi\MYSQLI_STORE_RESULT"
in SYSTEMPATH\Database\Database.php on line 137.
 1 SYSTEMPATH\Database\Database.php(55): CodeIgniter\Database\Database->initDriver()
 2 SYSTEMPATH\Database\Config.php(82): CodeIgniter\Database\Database->load()
 3 SYSTEMPATH\Model.php(153): CodeIgniter\Database\Config::connect()
 4 SYSTEMPATH\Config\Factories.php(218): CodeIgniter\Model->__construct()
 5 SYSTEMPATH\Config\Factories.php(168): CodeIgniter\Config\Factories::createInstance()
 6 SYSTEMPATH\Common.php(813): CodeIgniter\Config\Factories::__callStatic()
 7 VENDORPATH\myth\auth\src\Config\Services.php(27): model()
 8 SYSTEMPATH\Config\BaseService.php(258): Myth\Auth\Config\Services::authentication()
 9 SYSTEMPATH\Config\BaseService.php(199): CodeIgniter\Config\BaseService::__callStatic()
10 VENDORPATH\myth\auth\src\Config\Services.php(24): CodeIgniter\Config\BaseService::getSharedInstance()
11 SYSTEMPATH\Config\BaseService.php(258): Myth\Auth\Config\Services::authentication()
12 SYSTEMPATH\Common.php(1008): CodeIgniter\Config\BaseService::__callStatic()
13 VENDORPATH\myth\auth\src\Filters\BaseFilter.php(42): service()
14 SYSTEMPATH\Filters\Filters.php(175): Myth\Auth\Filters\BaseFilter->__construct()
15 SYSTEMPATH\CodeIgniter.php(474): CodeIgniter\Filters\Filters->run()
16 SYSTEMPATH\CodeIgniter.php(361): CodeIgniter\CodeIgniter->handleRequest()
17 FCPATH\index.php(79): CodeIgniter\CodeIgniter->run()
18 SYSTEMPATH\Commands\Server\rewrite.php(47): require_once('D:\\project\\crm\\public\\index.php')
CRITICAL - 2024-02-22 22:42:17 --> Error: Undefined constant "CodeIgniter\Database\MySQLi\MYSQLI_STORE_RESULT"
in SYSTEMPATH\Database\Database.php on line 137.
 1 SYSTEMPATH\Database\Database.php(55): CodeIgniter\Database\Database->initDriver()
 2 SYSTEMPATH\Database\Config.php(82): CodeIgniter\Database\Database->load()
 3 SYSTEMPATH\Model.php(153): CodeIgniter\Database\Config::connect()
 4 SYSTEMPATH\Config\Factories.php(218): CodeIgniter\Model->__construct()
 5 SYSTEMPATH\Config\Factories.php(168): CodeIgniter\Config\Factories::createInstance()
 6 SYSTEMPATH\Common.php(813): CodeIgniter\Config\Factories::__callStatic()
 7 VENDORPATH\myth\auth\src\Config\Services.php(27): model()
 8 SYSTEMPATH\Config\BaseService.php(258): Myth\Auth\Config\Services::authentication()
 9 SYSTEMPATH\Config\BaseService.php(199): CodeIgniter\Config\BaseService::__callStatic()
10 VENDORPATH\myth\auth\src\Config\Services.php(24): CodeIgniter\Config\BaseService::getSharedInstance()
11 SYSTEMPATH\Config\BaseService.php(258): Myth\Auth\Config\Services::authentication()
12 SYSTEMPATH\Common.php(1008): CodeIgniter\Config\BaseService::__callStatic()
13 VENDORPATH\myth\auth\src\Filters\BaseFilter.php(42): service()
14 SYSTEMPATH\Filters\Filters.php(175): Myth\Auth\Filters\BaseFilter->__construct()
15 SYSTEMPATH\CodeIgniter.php(474): CodeIgniter\Filters\Filters->run()
16 SYSTEMPATH\CodeIgniter.php(361): CodeIgniter\CodeIgniter->handleRequest()
17 FCPATH\index.php(79): CodeIgniter\CodeIgniter->run()
18 SYSTEMPATH\Commands\Server\rewrite.php(47): require_once('D:\\project\\crm\\public\\index.php')
CRITICAL - 2024-02-22 22:45:39 --> Error: Undefined constant "CodeIgniter\Database\MySQLi\MYSQLI_STORE_RESULT"
in SYSTEMPATH\Database\Database.php on line 137.
 1 SYSTEMPATH\Database\Database.php(55): CodeIgniter\Database\Database->initDriver()
 2 SYSTEMPATH\Database\Config.php(82): CodeIgniter\Database\Database->load()
 3 SYSTEMPATH\Model.php(153): CodeIgniter\Database\Config::connect()
 4 SYSTEMPATH\Config\Factories.php(218): CodeIgniter\Model->__construct()
 5 SYSTEMPATH\Config\Factories.php(168): CodeIgniter\Config\Factories::createInstance()
 6 SYSTEMPATH\Common.php(813): CodeIgniter\Config\Factories::__callStatic()
 7 VENDORPATH\myth\auth\src\Config\Services.php(27): model()
 8 SYSTEMPATH\Config\BaseService.php(258): Myth\Auth\Config\Services::authentication()
 9 SYSTEMPATH\Config\BaseService.php(199): CodeIgniter\Config\BaseService::__callStatic()
10 VENDORPATH\myth\auth\src\Config\Services.php(24): CodeIgniter\Config\BaseService::getSharedInstance()
11 SYSTEMPATH\Config\BaseService.php(258): Myth\Auth\Config\Services::authentication()
12 SYSTEMPATH\Common.php(1008): CodeIgniter\Config\BaseService::__callStatic()
13 VENDORPATH\myth\auth\src\Filters\BaseFilter.php(42): service()
14 SYSTEMPATH\Filters\Filters.php(175): Myth\Auth\Filters\BaseFilter->__construct()
15 SYSTEMPATH\CodeIgniter.php(474): CodeIgniter\Filters\Filters->run()
16 SYSTEMPATH\CodeIgniter.php(361): CodeIgniter\CodeIgniter->handleRequest()
17 FCPATH\index.php(79): CodeIgniter\CodeIgniter->run()
18 SYSTEMPATH\Commands\Server\rewrite.php(47): require_once('D:\\project\\crm\\public\\index.php')
CRITICAL - 2024-02-22 22:46:57 --> Error: Undefined constant "CodeIgniter\Database\MySQLi\MYSQLI_STORE_RESULT"
in SYSTEMPATH\Database\Database.php on line 137.
 1 SYSTEMPATH\Database\Database.php(55): CodeIgniter\Database\Database->initDriver()
 2 SYSTEMPATH\Database\Config.php(82): CodeIgniter\Database\Database->load()
 3 SYSTEMPATH\Model.php(153): CodeIgniter\Database\Config::connect()
 4 SYSTEMPATH\Config\Factories.php(218): CodeIgniter\Model->__construct()
 5 SYSTEMPATH\Config\Factories.php(168): CodeIgniter\Config\Factories::createInstance()
 6 SYSTEMPATH\Common.php(813): CodeIgniter\Config\Factories::__callStatic()
 7 VENDORPATH\myth\auth\src\Config\Services.php(27): model()
 8 SYSTEMPATH\Config\BaseService.php(258): Myth\Auth\Config\Services::authentication()
 9 SYSTEMPATH\Config\BaseService.php(199): CodeIgniter\Config\BaseService::__callStatic()
10 VENDORPATH\myth\auth\src\Config\Services.php(24): CodeIgniter\Config\BaseService::getSharedInstance()
11 SYSTEMPATH\Config\BaseService.php(258): Myth\Auth\Config\Services::authentication()
12 SYSTEMPATH\Common.php(1008): CodeIgniter\Config\BaseService::__callStatic()
13 VENDORPATH\myth\auth\src\Filters\BaseFilter.php(42): service()
14 SYSTEMPATH\Filters\Filters.php(175): Myth\Auth\Filters\BaseFilter->__construct()
15 SYSTEMPATH\CodeIgniter.php(474): CodeIgniter\Filters\Filters->run()
16 SYSTEMPATH\CodeIgniter.php(361): CodeIgniter\CodeIgniter->handleRequest()
17 FCPATH\index.php(79): CodeIgniter\CodeIgniter->run()
18 SYSTEMPATH\Commands\Server\rewrite.php(47): require_once('D:\\project\\crm\\public\\index.php')
INFO - 2024-02-22 22:47:03 --> Session: Class initialized using 'CodeIgniter\Session\Handlers\FileHandler' driver.
INFO - 2024-02-22 22:47:03 --> Session: Class initialized using 'CodeIgniter\Session\Handlers\FileHandler' driver.
INFO - 2024-02-22 22:54:44 --> Session: Class initialized using 'CodeIgniter\Session\Handlers\FileHandler' driver.
INFO - 2024-02-22 22:54:56 --> Session: Class initialized using 'CodeIgniter\Session\Handlers\FileHandler' driver.
INFO - 2024-02-22 22:55:00 --> Session: Class initialized using 'CodeIgniter\Session\Handlers\FileHandler' driver.
INFO - 2024-02-22 22:55:06 --> Session: Class initialized using 'CodeIgniter\Session\Handlers\FileHandler' driver.
INFO - 2024-02-22 22:55:28 --> Session: Class initialized using 'CodeIgniter\Session\Handlers\FileHandler' driver.
INFO - 2024-02-22 22:55:28 --> Session: Class initialized using 'CodeIgniter\Session\Handlers\FileHandler' driver.
INFO - 2024-02-22 22:55:39 --> Session: Class initialized using 'CodeIgniter\Session\Handlers\FileHandler' driver.
CRITICAL - 2024-02-22 22:55:40 --> Error: Class name must be a valid object or a string
in VENDORPATH\myth\auth\src\Config\Services.php on line 81.
 1 SYSTEMPATH\Config\BaseService.php(258): Myth\Auth\Config\Services::activator()
 2 SYSTEMPATH\Config\BaseService.php(199): CodeIgniter\Config\BaseService::__callStatic()
 3 VENDORPATH\myth\auth\src\Config\Services.php(74): CodeIgniter\Config\BaseService::getSharedInstance()
 4 SYSTEMPATH\Config\BaseService.php(258): Myth\Auth\Config\Services::activator()
 5 SYSTEMPATH\Common.php(1008): CodeIgniter\Config\BaseService::__callStatic()
 6 VENDORPATH\myth\auth\src\Controllers\AuthController.php(184): service()
 7 SYSTEMPATH\CodeIgniter.php(941): Myth\Auth\Controllers\AuthController->attemptRegister()
 8 SYSTEMPATH\CodeIgniter.php(502): CodeIgniter\CodeIgniter->runController()
 9 SYSTEMPATH\CodeIgniter.php(361): CodeIgniter\CodeIgniter->handleRequest()
10 FCPATH\index.php(79): CodeIgniter\CodeIgniter->run()
11 SYSTEMPATH\Commands\Server\rewrite.php(47): require_once('D:\\project\\crm\\public\\index.php')
INFO - 2024-02-22 22:58:28 --> Session: Class initialized using 'CodeIgniter\Session\Handlers\FileHandler' driver.
INFO - 2024-02-22 22:58:28 --> Session: Class initialized using 'CodeIgniter\Session\Handlers\FileHandler' driver.
INFO - 2024-02-22 22:58:44 --> Session: Class initialized using 'CodeIgniter\Session\Handlers\FileHandler' driver.
INFO - 2024-02-22 22:58:44 --> Session: Class initialized using 'CodeIgniter\Session\Handlers\FileHandler' driver.
INFO - 2024-02-22 22:58:51 --> Session: Class initialized using 'CodeIgniter\Session\Handlers\FileHandler' driver.
INFO - 2024-02-22 22:58:51 --> Session: Class initialized using 'CodeIgniter\Session\Handlers\FileHandler' driver.
INFO - 2024-02-22 22:59:05 --> Session: Class initialized using 'CodeIgniter\Session\Handlers\FileHandler' driver.
CRITICAL - 2024-02-22 22:59:05 --> Error: Class "" not found
in VENDORPATH\myth\auth\src\Config\Services.php on line 81.
 1 SYSTEMPATH\Config\BaseService.php(258): Myth\Auth\Config\Services::activator()
 2 SYSTEMPATH\Config\BaseService.php(199): CodeIgniter\Config\BaseService::__callStatic()
 3 VENDORPATH\myth\auth\src\Config\Services.php(74): CodeIgniter\Config\BaseService::getSharedInstance()
 4 SYSTEMPATH\Config\BaseService.php(258): Myth\Auth\Config\Services::activator()
 5 SYSTEMPATH\Common.php(1008): CodeIgniter\Config\BaseService::__callStatic()
 6 VENDORPATH\myth\auth\src\Controllers\AuthController.php(184): service()
 7 SYSTEMPATH\CodeIgniter.php(941): Myth\Auth\Controllers\AuthController->attemptRegister()
 8 SYSTEMPATH\CodeIgniter.php(502): CodeIgniter\CodeIgniter->runController()
 9 SYSTEMPATH\CodeIgniter.php(361): CodeIgniter\CodeIgniter->handleRequest()
10 FCPATH\index.php(79): CodeIgniter\CodeIgniter->run()
11 SYSTEMPATH\Commands\Server\rewrite.php(47): require_once('D:\\project\\crm\\public\\index.php')
INFO - 2024-02-22 22:59:54 --> Session: Class initialized using 'CodeIgniter\Session\Handlers\FileHandler' driver.
INFO - 2024-02-22 22:59:54 --> Session: Class initialized using 'CodeIgniter\Session\Handlers\FileHandler' driver.
INFO - 2024-02-22 23:00:11 --> Session: Class initialized using 'CodeIgniter\Session\Handlers\FileHandler' driver.
INFO - 2024-02-22 23:00:12 --> Session: Class initialized using 'CodeIgniter\Session\Handlers\FileHandler' driver.
INFO - 2024-02-22 23:00:30 --> Session: Class initialized using 'CodeIgniter\Session\Handlers\FileHandler' driver.
INFO - 2024-02-22 23:00:31 --> Session: Class initialized using 'CodeIgniter\Session\Handlers\FileHandler' driver.
INFO - 2024-02-22 23:00:41 --> Session: Class initialized using 'CodeIgniter\Session\Handlers\FileHandler' driver.
CRITICAL - 2024-02-22 23:00:41 --> Error: Class name must be a valid object or a string
in VENDORPATH\myth\auth\src\Config\Services.php on line 81.
 1 SYSTEMPATH\Config\BaseService.php(258): Myth\Auth\Config\Services::activator()
 2 SYSTEMPATH\Config\BaseService.php(199): CodeIgniter\Config\BaseService::__callStatic()
 3 VENDORPATH\myth\auth\src\Config\Services.php(74): CodeIgniter\Config\BaseService::getSharedInstance()
 4 SYSTEMPATH\Config\BaseService.php(258): Myth\Auth\Config\Services::activator()
 5 SYSTEMPATH\Common.php(1008): CodeIgniter\Config\BaseService::__callStatic()
 6 VENDORPATH\myth\auth\src\Controllers\AuthController.php(184): service()
 7 SYSTEMPATH\CodeIgniter.php(941): Myth\Auth\Controllers\AuthController->attemptRegister()
 8 SYSTEMPATH\CodeIgniter.php(502): CodeIgniter\CodeIgniter->runController()
 9 SYSTEMPATH\CodeIgniter.php(361): CodeIgniter\CodeIgniter->handleRequest()
10 FCPATH\index.php(79): CodeIgniter\CodeIgniter->run()
11 SYSTEMPATH\Commands\Server\rewrite.php(47): require_once('D:\\project\\crm\\public\\index.php')
INFO - 2024-02-22 23:02:07 --> Session: Class initialized using 'CodeIgniter\Session\Handlers\FileHandler' driver.
INFO - 2024-02-22 23:02:07 --> Session: Class initialized using 'CodeIgniter\Session\Handlers\FileHandler' driver.
INFO - 2024-02-22 23:02:34 --> Session: Class initialized using 'CodeIgniter\Session\Handlers\FileHandler' driver.
INFO - 2024-02-22 23:02:35 --> Session: Class initialized using 'CodeIgniter\Session\Handlers\FileHandler' driver.
INFO - 2024-02-22 23:02:45 --> Session: Class initialized using 'CodeIgniter\Session\Handlers\FileHandler' driver.
INFO - 2024-02-22 23:02:46 --> Session: Class initialized using 'CodeIgniter\Session\Handlers\FileHandler' driver.
INFO - 2024-02-22 23:02:54 --> Session: Class initialized using 'CodeIgniter\Session\Handlers\FileHandler' driver.
INFO - 2024-02-22 23:03:03 --> Session: Class initialized using 'CodeIgniter\Session\Handlers\FileHandler' driver.
INFO - 2024-02-22 23:03:07 --> Session: Class initialized using 'CodeIgniter\Session\Handlers\FileHandler' driver.
INFO - 2024-02-22 23:03:07 --> Session: Class initialized using 'CodeIgniter\Session\Handlers\FileHandler' driver.
INFO - 2024-02-22 23:03:27 --> Session: Class initialized using 'CodeIgniter\Session\Handlers\FileHandler' driver.
INFO - 2024-02-22 23:03:27 --> Session: Class initialized using 'CodeIgniter\Session\Handlers\FileHandler' driver.
INFO - 2024-02-22 23:03:27 --> Session: Class initialized using 'CodeIgniter\Session\Handlers\FileHandler' driver.
INFO - 2024-02-22 23:06:42 --> Session: Class initialized using 'CodeIgniter\Session\Handlers\FileHandler' driver.
INFO - 2024-02-22 23:06:43 --> Session: Class initialized using 'CodeIgniter\Session\Handlers\FileHandler' driver.
INFO - 2024-02-22 23:06:51 --> Session: Class initialized using 'CodeIgniter\Session\Handlers\FileHandler' driver.
INFO - 2024-02-22 23:06:52 --> Session: Class initialized using 'CodeIgniter\Session\Handlers\FileHandler' driver.
INFO - 2024-02-22 23:11:19 --> Session: Class initialized using 'CodeIgniter\Session\Handlers\FileHandler' driver.
CRITICAL - 2024-02-22 23:11:19 --> ParseError: syntax error, unexpected token "return"
in APPPATH\Controllers\Home.php on line 9.
 1 SYSTEMPATH\Autoloader\Autoloader.php(288): CodeIgniter\Autoloader\Autoloader->includeFile()
 2 SYSTEMPATH\Autoloader\Autoloader.php(266): CodeIgniter\Autoloader\Autoloader->loadInNamespace()
 3 [internal function]: CodeIgniter\Autoloader\Autoloader->loadClass()
 4 SYSTEMPATH\CodeIgniter.php(899): class_exists()
 5 SYSTEMPATH\CodeIgniter.php(489): CodeIgniter\CodeIgniter->startController()
 6 SYSTEMPATH\CodeIgniter.php(361): CodeIgniter\CodeIgniter->handleRequest()
 7 FCPATH\index.php(79): CodeIgniter\CodeIgniter->run()
 8 SYSTEMPATH\Commands\Server\rewrite.php(47): require_once('D:\\project\\crm\\public\\index.php')
INFO - 2024-02-22 23:11:41 --> Session: Class initialized using 'CodeIgniter\Session\Handlers\FileHandler' driver.
